  [1m[35m (0.8ms)[0m  [1m[34mSELECT sqlite_version(*)[0m
  [1m[35m (2.4ms)[0m  [1m[35mCREATE TABLE "schema_migrations" ("version" varchar NOT NULL PRIMARY KEY)[0m
  [1m[35m (2.0ms)[0m  [1m[35mCREATE TABLE "ar_internal_metadata" ("key" varchar NOT NULL PRIMARY KEY, "value" varchar, "created_at" datetime(6) NOT NULL, "updated_at" datetime(6) NOT NULL)[0m
  [1m[35m (0.1ms)[0m  [1m[34mSELECT "schema_migrations"."version" FROM "schema_migrations" ORDER BY "schema_migrations"."version" ASC[0m
Migrating to CreateUsers (20231012065554)
  [1m[35m (0.0ms)[0m  [1m[36mbegin transaction[0m
  [1m[35m (0.2ms)[0m  [1m[35mCREATE TABLE "users" ("id" integer PRIMARY KEY AUTOINCREMENT NOT NULL, "name" varchar, "created_at" datetime(6) NOT NULL, "updated_at" datetime(6) NOT NULL)[0m
  [1m[36mActiveRecord::SchemaMigration Create (0.1ms)[0m  [1m[32mINSERT INTO "schema_migrations" ("version") VALUES (?)[0m  [["version", "20231012065554"]]
  [1m[35m (2.1ms)[0m  [1m[36mcommit transaction[0m
  [1m[36mActiveRecord::InternalMetadata Load (0.1ms)[0m  [1m[34mSELECT "ar_internal_metadata".* FROM "ar_internal_metadata" WHERE "ar_internal_metadata"."key" = ? LIMIT ?[0m  [["key", "environment"], ["LIMIT", 1]]
  [1m[35m (0.0ms)[0m  [1m[36mbegin transaction[0m
  [1m[36mActiveRecord::InternalMetadata Create (0.1ms)[0m  [1m[32mINSERT INTO "ar_internal_metadata" ("key", "value", "created_at", "updated_at") VALUES (?, ?, ?, ?)[0m  [["key", "environment"], ["value", "development"], ["created_at", "2023-10-12 06:56:00.588775"], ["updated_at", "2023-10-12 06:56:00.588775"]]
  [1m[35m (1.6ms)[0m  [1m[36mcommit transaction[0m
  [1m[35m (0.0ms)[0m  [1m[34mSELECT sqlite_version(*)[0m
  [1m[35m (0.0ms)[0m  [1m[34mSELECT "schema_migrations"."version" FROM "schema_migrations" ORDER BY "schema_migrations"."version" ASC[0m
Started GET "/" for ::1 at 2023-10-12 12:26:33 +0530
  [1m[35m (0.2ms)[0m  [1m[34mSELECT sqlite_version(*)[0m
  [1m[35m (0.1ms)[0m  [1m[34mSELECT "schema_migrations"."version" FROM "schema_migrations" ORDER BY "schema_migrations"."version" ASC[0m
Processing by Rails::WelcomeController#index as HTML
  Rendering /home/pawan/.rvm/gems/ruby-2.6.5/gems/railties-6.0.6.1/lib/rails/templates/rails/welcome/index.html.erb
  Rendered /home/pawan/.rvm/gems/ruby-2.6.5/gems/railties-6.0.6.1/lib/rails/templates/rails/welcome/index.html.erb (Duration: 5.0ms | Allocations: 475)
Completed 200 OK in 20ms (Views: 8.2ms | ActiveRecord: 0.0ms | Allocations: 4360)


Started GET "/users" for ::1 at 2023-10-12 12:26:36 +0530
Processing by UsersController#index as HTML
  Rendering users/index.html.erb within layouts/application
  [1m[36mUser Load (0.4ms)[0m  [1m[34mSELECT "users".* FROM "users"[0m
  ↳ app/views/users/index.html.erb:14
  Rendered users/index.html.erb within layouts/application (Duration: 2.2ms | Allocations: 1360)
Completed 200 OK in 41ms (Views: 39.4ms | ActiveRecord: 0.6ms | Allocations: 17430)


Started GET "/users/new" for ::1 at 2023-10-12 12:26:37 +0530
Processing by UsersController#new as HTML
  Rendering users/new.html.erb within layouts/application
  Rendered users/_form.html.erb (Duration: 19.9ms | Allocations: 5076)
  Rendered users/new.html.erb within layouts/application (Duration: 21.2ms | Allocations: 5445)
Completed 200 OK in 34ms (Views: 28.9ms | ActiveRecord: 0.2ms | Allocations: 10213)


Started POST "/users" for ::1 at 2023-10-12 12:26:41 +0530
Processing by UsersController#create as HTML
  Parameters: {"authenticity_token"=>"HNH/HZ8koSTippX0jSWRo/sI99o2HGOF1U7/Cs49vkfVOF62Gf+YNB9WXEJnEsl10lsp1XnbAtOs2YDIm2kLLA==", "user"=>{"name"=>"asss"}, "commit"=>"Create User"}
  [1m[35m (0.1ms)[0m  [1m[36mbegin transaction[0m
  ↳ app/controllers/users_controller.rb:27:in `block in create'
  [1m[36mUser Create (0.2ms)[0m  [1m[32mINSERT INTO "users" ("name", "created_at", "updated_at") VALUES (?, ?, ?)[0m  [["name", "asss"], ["created_at", "2023-10-12 06:56:41.786538"], ["updated_at", "2023-10-12 06:56:41.786538"]]
  ↳ app/controllers/users_controller.rb:27:in `block in create'
  [1m[35m (2.4ms)[0m  [1m[36mcommit transaction[0m
  ↳ app/controllers/users_controller.rb:27:in `block in create'
Redirected to http://localhost:3000/users/1
Completed 302 Found in 8ms (ActiveRecord: 2.7ms | Allocations: 5029)


Started GET "/users/1" for ::1 at 2023-10-12 12:26:41 +0530
Processing by UsersController#show as HTML
  Parameters: {"id"=>"1"}
  [1m[36mUser Load (0.1ms)[0m  [1m[34mSELECT "users".* FROM "users" WHERE "users"."id" = ? LIMIT ?[0m  [["id", 1], ["LIMIT", 1]]
  ↳ app/controllers/users_controller.rb:63:in `set_user'
  Rendering users/show.html.erb within layouts/application
  Rendered users/show.html.erb within layouts/application (Duration: 0.4ms | Allocations: 257)
Completed 200 OK in 4ms (Views: 1.6ms | ActiveRecord: 0.1ms | Allocations: 3348)


Started GET "/users" for ::1 at 2023-10-12 12:26:42 +0530
Processing by UsersController#index as HTML
  Rendering users/index.html.erb within layouts/application
  [1m[36mUser Load (0.1ms)[0m  [1m[34mSELECT "users".* FROM "users"[0m
  ↳ app/views/users/index.html.erb:14
  Rendered users/index.html.erb within layouts/application (Duration: 1.0ms | Allocations: 851)
Completed 200 OK in 3ms (Views: 2.2ms | ActiveRecord: 0.1ms | Allocations: 2814)


